e:\cpp-proj\repos\good\ing\aiimageclassifier-2025-11-10-v4-2\aiimageclassifier-2025-11-10-v4\aiimageclassifier\x64\release\aiimageclassifier.ipdb
e:\cpp-proj\repos\good\ing\aiimageclassifier-2025-11-10-v4-2\aiimageclassifier-2025-11-10-v4\aiimageclassifier\x64\release\aiimageclassifier.iobj
e:\cpp-proj\repos\good\ing\aiimageclassifier-2025-11-10-v4-2\aiimageclassifier-2025-11-10-v4\aiimageclassifier\x64\release\aiimageclassifier.pch
e:\cpp-proj\repos\good\ing\aiimageclassifier-2025-11-10-v4-2\aiimageclassifier-2025-11-10-v4\aiimageclassifier\x64\release\vc142.pdb
e:\cpp-proj\repos\good\ing\aiimageclassifier-2025-11-10-v4-2\aiimageclassifier-2025-11-10-v4\aiimageclassifier\x64\release\pch.obj
e:\cpp-proj\repos\good\ing\aiimageclassifier-2025-11-10-v4-2\aiimageclassifier-2025-11-10-v4\aiimageclassifier\x64\release\yolo11class.obj
e:\cpp-proj\repos\good\ing\aiimageclassifier-2025-11-10-v4-2\aiimageclassifier-2025-11-10-v4\aiimageclassifier\x64\release\thresholdanalysis.obj
e:\cpp-proj\repos\good\ing\aiimageclassifier-2025-11-10-v4-2\aiimageclassifier-2025-11-10-v4\aiimageclassifier\x64\release\matchconfigdlg.obj
e:\cpp-proj\repos\good\ing\aiimageclassifier-2025-11-10-v4-2\aiimageclassifier-2025-11-10-v4\aiimageclassifier\x64\release\csvmanager.obj
e:\cpp-proj\repos\good\ing\aiimageclassifier-2025-11-10-v4-2\aiimageclassifier-2025-11-10-v4\aiimageclassifier\x64\release\aiimageclassifierdlg.obj
e:\cpp-proj\repos\good\ing\aiimageclassifier-2025-11-10-v4-2\aiimageclassifier-2025-11-10-v4\aiimageclassifier\x64\release\aiimageclassifier.obj
e:\cpp-proj\repos\good\ing\aiimageclassifier-2025-11-10-v4-2\aiimageclassifier-2025-11-10-v4\aiimageclassifier\x64\release\aiimageclassifier.exe
e:\cpp-proj\repos\good\ing\aiimageclassifier-2025-11-10-v4-2\aiimageclassifier-2025-11-10-v4\aiimageclassifier\x64\release\aiimageclassifier.pdb
e:\cpp-proj\repos\good\ing\aiimageclassifier-2025-11-10-v4-2\aiimageclassifier-2025-11-10-v4\aiimageclassifier\x64\release\aiimageclassifier.res
e:\cpp-proj\repos\good\ing\aiimageclassifier-2025-11-10-v4-2\aiimageclassifier-2025-11-10-v4\aiimageclassifier\x64\release\aiimagec.117d416f.tlog\aiimageclassifier.write.1u.tlog
e:\cpp-proj\repos\good\ing\aiimageclassifier-2025-11-10-v4-2\aiimageclassifier-2025-11-10-v4\aiimageclassifier\x64\release\aiimagec.117d416f.tlog\cl.command.1.tlog
e:\cpp-proj\repos\good\ing\aiimageclassifier-2025-11-10-v4-2\aiimageclassifier-2025-11-10-v4\aiimageclassifier\x64\release\aiimagec.117d416f.tlog\cl.read.1.tlog
e:\cpp-proj\repos\good\ing\aiimageclassifier-2025-11-10-v4-2\aiimageclassifier-2025-11-10-v4\aiimageclassifier\x64\release\aiimagec.117d416f.tlog\cl.write.1.tlog
e:\cpp-proj\repos\good\ing\aiimageclassifier-2025-11-10-v4-2\aiimageclassifier-2025-11-10-v4\aiimageclassifier\x64\release\aiimagec.117d416f.tlog\link.command.1.tlog
e:\cpp-proj\repos\good\ing\aiimageclassifier-2025-11-10-v4-2\aiimageclassifier-2025-11-10-v4\aiimageclassifier\x64\release\aiimagec.117d416f.tlog\link.read.1.tlog
e:\cpp-proj\repos\good\ing\aiimageclassifier-2025-11-10-v4-2\aiimageclassifier-2025-11-10-v4\aiimageclassifier\x64\release\aiimagec.117d416f.tlog\link.write.1.tlog
e:\cpp-proj\repos\good\ing\aiimageclassifier-2025-11-10-v4-2\aiimageclassifier-2025-11-10-v4\aiimageclassifier\x64\release\aiimagec.117d416f.tlog\rc.command.1.tlog
e:\cpp-proj\repos\good\ing\aiimageclassifier-2025-11-10-v4-2\aiimageclassifier-2025-11-10-v4\aiimageclassifier\x64\release\aiimagec.117d416f.tlog\rc.read.1.tlog
e:\cpp-proj\repos\good\ing\aiimageclassifier-2025-11-10-v4-2\aiimageclassifier-2025-11-10-v4\aiimageclassifier\x64\release\aiimagec.117d416f.tlog\rc.write.1.tlog
